  Interpreter.cpp
c:\users\muush\desktop\4b-1\4b\myprogram\interpreter.cpp(56): warning C4244: '=': conversion from 'float' to 'int', possible loss of data
c:\users\muush\desktop\4b-1\4b\myprogram\interpreter.cpp(68): warning C4018: '<': signed/unsigned mismatch
c:\users\muush\desktop\4b-1\4b\myprogram\interpreter.cpp(199): warning C4018: '<': signed/unsigned mismatch
c:\users\muush\desktop\4b-1\4b\myprogram\interpreter.cpp(220): warning C4390: ';': empty controlled statement found; is this the intent?
c:\users\muush\desktop\4b-1\4b\myprogram\interpreter.cpp(276): warning C4101: 'trash': unreferenced local variable
c:\users\muush\desktop\4b-1\4b\myprogram\interpreter.cpp(300): warning C4018: '<': signed/unsigned mismatch
c:\users\muush\desktop\4b-1\4b\myprogram\interpreter.cpp(317): warning C4018: '<': signed/unsigned mismatch
c:\users\muush\desktop\4b-1\4b\myprogram\interpreter.cpp(349): warning C4018: '<': signed/unsigned mismatch
c:\users\muush\desktop\4b-1\4b\myprogram\interpreter.cpp(388): warning C4018: '<': signed/unsigned mismatch
c:\users\muush\desktop\4b-1\4b\myprogram\interpreter.cpp(365): warning C4101: 'endofWhile': unreferenced local variable
c:\program files (x86)\microsoft visual studio\2017\community\vc\tools\msvc\14.15.26726\include\utility(240): warning C4244: 'initializing': conversion from '_Ty' to '_Ty2', possible loss of data
          with
          [
              _Ty=int
          ]
          and
          [
              _Ty2=float
          ]
  c:\program files (x86)\microsoft visual studio\2017\community\vc\tools\msvc\14.15.26726\include\xmemory0(881): note: see reference to function template instantiation 'std::pair<const _Kty,_Ty>::pair<std::basic_string<char,std::char_traits<char>,std::allocator<char>>,int,0>(std::pair<std::basic_string<char,std::char_traits<char>,std::allocator<char>>,int> &&) noexcept' being compiled
          with
          [
              _Kty=std::string,
              _Ty=float
          ]
  c:\program files (x86)\microsoft visual studio\2017\community\vc\tools\msvc\14.15.26726\include\xmemory0(881): note: see reference to function template instantiation 'std::pair<const _Kty,_Ty>::pair<std::basic_string<char,std::char_traits<char>,std::allocator<char>>,int,0>(std::pair<std::basic_string<char,std::char_traits<char>,std::allocator<char>>,int> &&) noexcept' being compiled
          with
          [
              _Kty=std::string,
              _Ty=float
          ]
  c:\program files (x86)\microsoft visual studio\2017\community\vc\tools\msvc\14.15.26726\include\xtree(984): note: see reference to function template instantiation 'void std::_Default_allocator_traits<_Alloc>::construct<_Ty,std::pair<std::basic_string<char,std::char_traits<char>,std::allocator<char>>,int>>(_Alloc &,_Objty *const ,std::pair<std::basic_string<char,std::char_traits<char>,std::allocator<char>>,int> &&)' being compiled
          with
          [
              _Alloc=std::allocator<std::_Tree_node<std::pair<const std::string,float>,std::_Default_allocator_traits<std::allocator<std::pair<const std::string,float>>>::void_pointer>>,
              _Ty=std::pair<const std::string,float>,
              _Objty=std::pair<const std::string,float>
          ]
  c:\program files (x86)\microsoft visual studio\2017\community\vc\tools\msvc\14.15.26726\include\xtree(983): note: see reference to function template instantiation 'void std::_Default_allocator_traits<_Alloc>::construct<_Ty,std::pair<std::basic_string<char,std::char_traits<char>,std::allocator<char>>,int>>(_Alloc &,_Objty *const ,std::pair<std::basic_string<char,std::char_traits<char>,std::allocator<char>>,int> &&)' being compiled
          with
          [
              _Alloc=std::allocator<std::_Tree_node<std::pair<const std::string,float>,std::_Default_allocator_traits<std::allocator<std::pair<const std::string,float>>>::void_pointer>>,
              _Ty=std::pair<const std::string,float>,
              _Objty=std::pair<const std::string,float>
          ]
  c:\program files (x86)\microsoft visual studio\2017\community\vc\tools\msvc\14.15.26726\include\xtree(1155): note: see reference to function template instantiation 'std::_Tree_node<_Ty,std::_Default_allocator_traits<_Alloc>::void_pointer> *std::_Tree_comp_alloc<_Traits>::_Buynode<std::pair<std::basic_string<char,std::char_traits<char>,std::allocator<char>>,int>>(std::pair<std::basic_string<char,std::char_traits<char>,std::allocator<char>>,int> &&)' being compiled
          with
          [
              _Ty=std::pair<const std::string,float>,
              _Alloc=std::allocator<std::pair<const std::string,float>>,
              _Traits=std::_Tmap_traits<std::string,float,std::less<std::string>,std::allocator<std::pair<const std::string,float>>,false>
          ]
  c:\program files (x86)\microsoft visual studio\2017\community\vc\tools\msvc\14.15.26726\include\xtree(1155): note: see reference to function template instantiation 'std::_Tree_node<_Ty,std::_Default_allocator_traits<_Alloc>::void_pointer> *std::_Tree_comp_alloc<_Traits>::_Buynode<std::pair<std::basic_string<char,std::char_traits<char>,std::allocator<char>>,int>>(std::pair<std::basic_string<char,std::char_traits<char>,std::allocator<char>>,int> &&)' being compiled
          with
          [
              _Ty=std::pair<const std::string,float>,
              _Alloc=std::allocator<std::pair<const std::string,float>>,
              _Traits=std::_Tmap_traits<std::string,float,std::less<std::string>,std::allocator<std::pair<const std::string,float>>,false>
          ]
  c:\program files (x86)\microsoft visual studio\2017\community\vc\tools\msvc\14.15.26726\include\map(213): note: see reference to function template instantiation 'std::pair<std::_Tree_iterator<std::_Tree_val<std::_Tree_simple_types<_Ty>>>,bool> std::_Tree<std::_Tmap_traits<_Kty,float,_Pr,_Alloc,false>>::emplace<std::pair<std::basic_string<char,std::char_traits<char>,std::allocator<char>>,int>>(std::pair<std::basic_string<char,std::char_traits<char>,std::allocator<char>>,int> &&)' being compiled
          with
          [
              _Ty=std::pair<const std::string,float>,
              _Kty=std::string,
              _Pr=std::less<std::string>,
              _Alloc=std::allocator<std::pair<const std::string,float>>
          ]
  c:\program files (x86)\microsoft visual studio\2017\community\vc\tools\msvc\14.15.26726\include\map(213): note: see reference to function template instantiation 'std::pair<std::_Tree_iterator<std::_Tree_val<std::_Tree_simple_types<_Ty>>>,bool> std::_Tree<std::_Tmap_traits<_Kty,float,_Pr,_Alloc,false>>::emplace<std::pair<std::basic_string<char,std::char_traits<char>,std::allocator<char>>,int>>(std::pair<std::basic_string<char,std::char_traits<char>,std::allocator<char>>,int> &&)' being compiled
          with
          [
              _Ty=std::pair<const std::string,float>,
              _Kty=std::string,
              _Pr=std::less<std::string>,
              _Alloc=std::allocator<std::pair<const std::string,float>>
          ]
  c:\users\muush\desktop\4b-1\4b\myprogram\interpreter.cpp(270): note: see reference to function template instantiation 'std::pair<std::_Tree_iterator<std::_Tree_val<std::_Tree_simple_types<_Ty>>>,bool> std::map<std::string,float,std::less<_Kty>,std::allocator<_Ty>>::insert<std::pair<std::basic_string<char,std::char_traits<char>,std::allocator<char>>,int>,void>(_Valty &&)' being compiled
          with
          [
              _Ty=std::pair<const std::string,float>,
              _Kty=std::string,
              _Valty=std::pair<std::basic_string<char,std::char_traits<char>,std::allocator<char>>,int>
          ]
  c:\users\muush\desktop\4b-1\4b\myprogram\interpreter.cpp(270): note: see reference to function template instantiation 'std::pair<std::_Tree_iterator<std::_Tree_val<std::_Tree_simple_types<_Ty>>>,bool> std::map<std::string,float,std::less<_Kty>,std::allocator<_Ty>>::insert<std::pair<std::basic_string<char,std::char_traits<char>,std::allocator<char>>,int>,void>(_Valty &&)' being compiled
          with
          [
              _Ty=std::pair<const std::string,float>,
              _Kty=std::string,
              _Valty=std::pair<std::basic_string<char,std::char_traits<char>,std::allocator<char>>,int>
          ]
  myProgram.vcxproj -> C:\Users\muush\Desktop\4b-1\4b\Debug\myProgram.exe
